<?xml version="1.0" encoding="UTF-8"?>
<!-- Generated by org.testng.reporters.JUnitXMLReporter -->
<testsuite hostname="DESKTOP-7I41IDH" name="Test" tests="1" failures="1" timestamp="12 Nov 2019 16:34:11 GMT" time="24.523" errors="0">
  <testcase name="feature" time="22.538" classname="com.testautomation.TestRunner.TestRunner">
    <failure type="cucumber.runtime.CucumberException" message="Step [^Search selenium tutorial$] is defined with 1 parameters at &amp;apos;com.testautomation.StepDef.YoutubeChannelValidation.search_selenium_tutorial(String) in file:/C:/Users/Dhiraj%20varma/eclipse-workspace/SeleniumCucumberFramework/target/classes/&amp;apos;.
However, the gherkin step has 0 arguments.
Step text: Search selenium tutorial">
      <![CDATA[cucumber.runtime.CucumberException: Step [^Search selenium tutorial$] is defined with 1 parameters at 'com.testautomation.StepDef.YoutubeChannelValidation.search_selenium_tutorial(String) in file:/C:/Users/Dhiraj%20varma/eclipse-workspace/SeleniumCucumberFramework/target/classes/'.
However, the gherkin step has 0 arguments.
Step text: Search selenium tutorial
	at cucumber.runner.PickleStepDefinitionMatch.arityMismatch(PickleStepDefinitionMatch.java:84)
	at cucumber.runner.PickleStepDefinitionMatch.runStep(PickleStepDefinitionMatch.java:36)
	at cucumber.runner.TestStep.executeStep(TestStep.java:63)
	at cucumber.runner.TestStep.run(TestStep.java:49)
	at cucumber.runner.PickleStepTestStep.run(PickleStepTestStep.java:43)
	at cucumber.runner.TestCase.run(TestCase.java:44)
	at cucumber.runner.Runner.runPickle(Runner.java:40)
	at cucumber.api.testng.TestNGCucumberRunner.runScenario(TestNGCucumberRunner.java:68)
	at com.testautomation.TestRunner.TestRunner.feature(TestRunner.java:32)
... Removed 24 stack frames]]>
    </failure>
  </testcase> <!-- feature -->
</testsuite> <!-- Test -->
